The system is: Darwin - 13.3.0 - x86_64
Compiling the C compiler identification source file "CMakeCCompilerId.c" succeeded.
Compiler: /opt/local/bin/x86_64-apple-darwin13-gcc-4.7.4 
Build flags: 
Id flags: 

The output was:
0


Compilation of the C compiler identification source "CMakeCCompilerId.c" produced "a.out"

The C compiler identification is GNU, found in "/Users/stevenw/Code/C++/ProgCpp/cmake_tutorial/step1/build/CMakeFiles/3.0.1/CompilerIdC/a.out"

Compiling the CXX compiler identification source file "CMakeCXXCompilerId.cpp" succeeded.
Compiler: /opt/local/bin/x86_64-apple-darwin13-g++-mp-4.7 
Build flags: 
Id flags: 

The output was:
0


Compilation of the CXX compiler identification source "CMakeCXXCompilerId.cpp" produced "a.out"

The CXX compiler identification is GNU, found in "/Users/stevenw/Code/C++/ProgCpp/cmake_tutorial/step1/build/CMakeFiles/3.0.1/CompilerIdCXX/a.out"

Determining if the C compiler works passed with the following output:
Change Dir: /Users/stevenw/Code/C++/ProgCpp/cmake_tutorial/step1/build/CMakeFiles/CMakeTmp

Run Build Command:"/opt/local/bin/gmake" "cmTryCompileExec2496612080/fast"
/opt/local/bin/gmake -f CMakeFiles/cmTryCompileExec2496612080.dir/build.make CMakeFiles/cmTryCompileExec2496612080.dir/build
gmake[1]: Entering directory '/Users/stevenw/Code/C++/ProgCpp/cmake_tutorial/step1/build/CMakeFiles/CMakeTmp'
/Applications/CMake.app/Contents/bin/cmake -E cmake_progress_report /Users/stevenw/Code/C++/ProgCpp/cmake_tutorial/step1/build/CMakeFiles/CMakeTmp/CMakeFiles 1
Building C object CMakeFiles/cmTryCompileExec2496612080.dir/testCCompiler.c.o
/opt/local/bin/x86_64-apple-darwin13-gcc-4.7.4    -o CMakeFiles/cmTryCompileExec2496612080.dir/testCCompiler.c.o   -c /Users/stevenw/Code/C++/ProgCpp/cmake_tutorial/step1/build/CMakeFiles/CMakeTmp/testCCompiler.c
Linking C executable cmTryCompileExec2496612080
/Applications/CMake.app/Contents/bin/cmake -E cmake_link_script CMakeFiles/cmTryCompileExec2496612080.dir/link.txt --verbose=1
/opt/local/bin/x86_64-apple-darwin13-gcc-4.7.4    -Wl,-search_paths_first -Wl,-headerpad_max_install_names   CMakeFiles/cmTryCompileExec2496612080.dir/testCCompiler.c.o  -o cmTryCompileExec2496612080  
gmake[1]: Leaving directory '/Users/stevenw/Code/C++/ProgCpp/cmake_tutorial/step1/build/CMakeFiles/CMakeTmp'


Detecting C compiler ABI info compiled with the following output:
Change Dir: /Users/stevenw/Code/C++/ProgCpp/cmake_tutorial/step1/build/CMakeFiles/CMakeTmp

Run Build Command:"/opt/local/bin/gmake" "cmTryCompileExec718722043/fast"
/opt/local/bin/gmake -f CMakeFiles/cmTryCompileExec718722043.dir/build.make CMakeFiles/cmTryCompileExec718722043.dir/build
gmake[1]: Entering directory '/Users/stevenw/Code/C++/ProgCpp/cmake_tutorial/step1/build/CMakeFiles/CMakeTmp'
/Applications/CMake.app/Contents/bin/cmake -E cmake_progress_report /Users/stevenw/Code/C++/ProgCpp/cmake_tutorial/step1/build/CMakeFiles/CMakeTmp/CMakeFiles 1
Building C object CMakeFiles/cmTryCompileExec718722043.dir/CMakeCCompilerABI.c.o
/opt/local/bin/x86_64-apple-darwin13-gcc-4.7.4    -o CMakeFiles/cmTryCompileExec718722043.dir/CMakeCCompilerABI.c.o   -c /Applications/CMake.app/Contents/share/cmake-3.0/Modules/CMakeCCompilerABI.c
Linking C executable cmTryCompileExec718722043
/Applications/CMake.app/Contents/bin/cmake -E cmake_link_script CMakeFiles/cmTryCompileExec718722043.dir/link.txt --verbose=1
/opt/local/bin/x86_64-apple-darwin13-gcc-4.7.4    -Wl,-search_paths_first -Wl,-headerpad_max_install_names -v -Wl,-v CMakeFiles/cmTryCompileExec718722043.dir/CMakeCCompilerABI.c.o  -o cmTryCompileExec718722043   
Using built-in specs.
COLLECT_GCC=/opt/local/bin/x86_64-apple-darwin13-gcc-4.7.4
COLLECT_LTO_WRAPPER=/opt/local/libexec/gcc/x86_64-apple-darwin13/4.7.4/lto-wrapper
Target: x86_64-apple-darwin13
Configured with: /opt/local/var/macports/build/_opt_mports_dports_lang_gcc47/gcc47/work/gcc-4.7.4/configure --prefix=/opt/local --build=x86_64-apple-darwin13 --enable-languages=c,c++,objc,obj-c++,lto,fortran,java --libdir=/opt/local/lib/gcc47 --includedir=/opt/local/include/gcc47 --infodir=/opt/local/share/info --mandir=/opt/local/share/man --datarootdir=/opt/local/share/gcc-4.7 --with-libiconv-prefix=/opt/local --with-local-prefix=/opt/local --with-system-zlib --disable-nls --program-suffix=-mp-4.7 --with-gxx-include-dir=/opt/local/include/gcc47/c++/ --with-gmp=/opt/local --with-mpfr=/opt/local --with-mpc=/opt/local --with-ppl=/opt/local --with-cloog=/opt/local --enable-cloog-backend=isl --disable-cloog-version-check --enable-stage1-checking --disable-multilib --enable-lto --enable-libstdcxx-time --with-as=/opt/local/bin/as --with-ld=/opt/local/bin/ld --with-ar=/opt/local/bin/ar --with-bugurl=https://trac.macports.org/newticket --disable-ppl-version-check --with-pkgversion='MacPorts gcc47 4.7.4_1'
Thread model: posix
gcc version 4.7.4 (MacPorts gcc47 4.7.4_1) 
COMPILER_PATH=/opt/local/libexec/gcc/x86_64-apple-darwin13/4.7.4/:/opt/local/libexec/gcc/x86_64-apple-darwin13/4.7.4/:/opt/local/libexec/gcc/x86_64-apple-darwin13/:/opt/local/lib/gcc47/gcc/x86_64-apple-darwin13/4.7.4/:/opt/local/lib/gcc47/gcc/x86_64-apple-darwin13/
LIBRARY_PATH=/opt/local/lib/gcc47/gcc/x86_64-apple-darwin13/4.7.4/:/opt/local/lib/gcc47/gcc/x86_64-apple-darwin13/4.7.4/../../../:/usr/lib/
COLLECT_GCC_OPTIONS='-mmacosx-version-min=10.9.3' '-v' '-o' 'cmTryCompileExec718722043' '-mtune=core2'
 /opt/local/libexec/gcc/x86_64-apple-darwin13/4.7.4/collect2 -dynamic -arch x86_64 -macosx_version_min 10.9.3 -weak_reference_mismatches non-weak -o cmTryCompileExec718722043 -L/opt/local/lib/gcc47/gcc/x86_64-apple-darwin13/4.7.4 -L/opt/local/lib/gcc47/gcc/x86_64-apple-darwin13/4.7.4/../../.. -search_paths_first -headerpad_max_install_names -v CMakeFiles/cmTryCompileExec718722043.dir/CMakeCCompilerABI.c.o -no_compact_unwind -lSystem -lgcc_ext.10.5 -lgcc -lSystem -v
collect2 version 4.7.4
/opt/local/bin/ld -dynamic -arch x86_64 -macosx_version_min 10.9.3 -weak_reference_mismatches non-weak -o cmTryCompileExec718722043 -L/opt/local/lib/gcc47/gcc/x86_64-apple-darwin13/4.7.4 -L/opt/local/lib/gcc47/gcc/x86_64-apple-darwin13/4.7.4/../../.. -search_paths_first -headerpad_max_install_names -v CMakeFiles/cmTryCompileExec718722043.dir/CMakeCCompilerABI.c.o -no_compact_unwind -lSystem -lgcc_ext.10.5 -lgcc -lSystem -v
@(#)PROGRAM:ld  PROJECT:ld64-236.3
configured to support archs: i386 x86_64 x86_64h armv6 armv7 armv7s armv7m arm64
@(#)PROGRAM:ld  PROJECT:ld64-236.3
configured to support archs: i386 x86_64 x86_64h armv6 armv7 armv7s armv7m arm64
Library search paths:
	/opt/local/lib/gcc47/gcc/x86_64-apple-darwin13/4.7.4
	/opt/local/lib/gcc47
	/usr/lib
	/usr/local/lib
Framework search paths:
	/Library/Frameworks/
	/System/Library/Frameworks/
gmake[1]: Leaving directory '/Users/stevenw/Code/C++/ProgCpp/cmake_tutorial/step1/build/CMakeFiles/CMakeTmp'


Parsed C implicit link information from above output:
  link line regex: [^( *|.*[/\])(ld|([^/\]+-)?ld|collect2)[^/\]*( |$)]
  ignore line: [Change Dir: /Users/stevenw/Code/C++/ProgCpp/cmake_tutorial/step1/build/CMakeFiles/CMakeTmp]
  ignore line: []
  ignore line: [Run Build Command:"/opt/local/bin/gmake" "cmTryCompileExec718722043/fast"]
  ignore line: [/opt/local/bin/gmake -f CMakeFiles/cmTryCompileExec718722043.dir/build.make CMakeFiles/cmTryCompileExec718722043.dir/build]
  ignore line: [gmake[1]: Entering directory '/Users/stevenw/Code/C++/ProgCpp/cmake_tutorial/step1/build/CMakeFiles/CMakeTmp']
  ignore line: [/Applications/CMake.app/Contents/bin/cmake -E cmake_progress_report /Users/stevenw/Code/C++/ProgCpp/cmake_tutorial/step1/build/CMakeFiles/CMakeTmp/CMakeFiles 1]
  ignore line: [Building C object CMakeFiles/cmTryCompileExec718722043.dir/CMakeCCompilerABI.c.o]
  ignore line: [/opt/local/bin/x86_64-apple-darwin13-gcc-4.7.4    -o CMakeFiles/cmTryCompileExec718722043.dir/CMakeCCompilerABI.c.o   -c /Applications/CMake.app/Contents/share/cmake-3.0/Modules/CMakeCCompilerABI.c]
  ignore line: [Linking C executable cmTryCompileExec718722043]
  ignore line: [/Applications/CMake.app/Contents/bin/cmake -E cmake_link_script CMakeFiles/cmTryCompileExec718722043.dir/link.txt --verbose=1]
  ignore line: [/opt/local/bin/x86_64-apple-darwin13-gcc-4.7.4    -Wl,-search_paths_first -Wl,-headerpad_max_install_names -v -Wl,-v CMakeFiles/cmTryCompileExec718722043.dir/CMakeCCompilerABI.c.o  -o cmTryCompileExec718722043   ]
  ignore line: [Using built-in specs.]
  ignore line: [COLLECT_GCC=/opt/local/bin/x86_64-apple-darwin13-gcc-4.7.4]
  ignore line: [COLLECT_LTO_WRAPPER=/opt/local/libexec/gcc/x86_64-apple-darwin13/4.7.4/lto-wrapper]
  ignore line: [Target: x86_64-apple-darwin13]
  ignore line: [Configured with: /opt/local/var/macports/build/_opt_mports_dports_lang_gcc47/gcc47/work/gcc-4.7.4/configure --prefix=/opt/local --build=x86_64-apple-darwin13 --enable-languages=c,c++,objc,obj-c++,lto,fortran,java --libdir=/opt/local/lib/gcc47 --includedir=/opt/local/include/gcc47 --infodir=/opt/local/share/info --mandir=/opt/local/share/man --datarootdir=/opt/local/share/gcc-4.7 --with-libiconv-prefix=/opt/local --with-local-prefix=/opt/local --with-system-zlib --disable-nls --program-suffix=-mp-4.7 --with-gxx-include-dir=/opt/local/include/gcc47/c++/ --with-gmp=/opt/local --with-mpfr=/opt/local --with-mpc=/opt/local --with-ppl=/opt/local --with-cloog=/opt/local --enable-cloog-backend=isl --disable-cloog-version-check --enable-stage1-checking --disable-multilib --enable-lto --enable-libstdcxx-time --with-as=/opt/local/bin/as --with-ld=/opt/local/bin/ld --with-ar=/opt/local/bin/ar --with-bugurl=https://trac.macports.org/newticket --disable-ppl-version-check --with-pkgversion='MacPorts gcc47 4.7.4_1']
  ignore line: [Thread model: posix]
  ignore line: [gcc version 4.7.4 (MacPorts gcc47 4.7.4_1) ]
  ignore line: [COMPILER_PATH=/opt/local/libexec/gcc/x86_64-apple-darwin13/4.7.4/:/opt/local/libexec/gcc/x86_64-apple-darwin13/4.7.4/:/opt/local/libexec/gcc/x86_64-apple-darwin13/:/opt/local/lib/gcc47/gcc/x86_64-apple-darwin13/4.7.4/:/opt/local/lib/gcc47/gcc/x86_64-apple-darwin13/]
  ignore line: [LIBRARY_PATH=/opt/local/lib/gcc47/gcc/x86_64-apple-darwin13/4.7.4/:/opt/local/lib/gcc47/gcc/x86_64-apple-darwin13/4.7.4/../../../:/usr/lib/]
  ignore line: [COLLECT_GCC_OPTIONS='-mmacosx-version-min=10.9.3' '-v' '-o' 'cmTryCompileExec718722043' '-mtune=core2']
  link line: [ /opt/local/libexec/gcc/x86_64-apple-darwin13/4.7.4/collect2 -dynamic -arch x86_64 -macosx_version_min 10.9.3 -weak_reference_mismatches non-weak -o cmTryCompileExec718722043 -L/opt/local/lib/gcc47/gcc/x86_64-apple-darwin13/4.7.4 -L/opt/local/lib/gcc47/gcc/x86_64-apple-darwin13/4.7.4/../../.. -search_paths_first -headerpad_max_install_names -v CMakeFiles/cmTryCompileExec718722043.dir/CMakeCCompilerABI.c.o -no_compact_unwind -lSystem -lgcc_ext.10.5 -lgcc -lSystem -v]
    arg [/opt/local/libexec/gcc/x86_64-apple-darwin13/4.7.4/collect2] ==> ignore
    arg [-dynamic] ==> ignore
    arg [-arch] ==> ignore
    arg [x86_64] ==> ignore
    arg [-macosx_version_min] ==> ignore
    arg [10.9.3] ==> ignore
    arg [-weak_reference_mismatches] ==> ignore
    arg [non-weak] ==> ignore
    arg [-o] ==> ignore
    arg [cmTryCompileExec718722043] ==> ignore
    arg [-L/opt/local/lib/gcc47/gcc/x86_64-apple-darwin13/4.7.4] ==> dir [/opt/local/lib/gcc47/gcc/x86_64-apple-darwin13/4.7.4]
    arg [-L/opt/local/lib/gcc47/gcc/x86_64-apple-darwin13/4.7.4/../../..] ==> dir [/opt/local/lib/gcc47/gcc/x86_64-apple-darwin13/4.7.4/../../..]
    arg [-search_paths_first] ==> ignore
    arg [-headerpad_max_install_names] ==> ignore
    arg [-v] ==> ignore
    arg [CMakeFiles/cmTryCompileExec718722043.dir/CMakeCCompilerABI.c.o] ==> ignore
    arg [-no_compact_unwind] ==> ignore
    arg [-lSystem] ==> lib [System]
    arg [-lgcc_ext.10.5] ==> lib [gcc_ext.10.5]
    arg [-lgcc] ==> lib [gcc]
    arg [-lSystem] ==> lib [System]
    arg [-v] ==> ignore
  Library search paths: [;/opt/local/lib/gcc47/gcc/x86_64-apple-darwin13/4.7.4;/opt/local/lib/gcc47;/usr/lib;/usr/local/lib]
  Framework search paths: [;/Library/Frameworks/;/System/Library/Frameworks/]
  remove lib [System]
  remove lib [gcc_ext.10.5]
  remove lib [gcc]
  remove lib [System]
  collapse library dir [/opt/local/lib/gcc47/gcc/x86_64-apple-darwin13/4.7.4] ==> [/opt/local/lib/gcc47/gcc/x86_64-apple-darwin13/4.7.4]
  collapse library dir [/opt/local/lib/gcc47/gcc/x86_64-apple-darwin13/4.7.4/../../..] ==> [/opt/local/lib/gcc47]
  collapse library dir [/opt/local/lib/gcc47/gcc/x86_64-apple-darwin13/4.7.4] ==> [/opt/local/lib/gcc47/gcc/x86_64-apple-darwin13/4.7.4]
  collapse library dir [/opt/local/lib/gcc47] ==> [/opt/local/lib/gcc47]
  collapse library dir [/usr/lib] ==> [/usr/lib]
  collapse library dir [/usr/local/lib] ==> [/usr/local/lib]
  collapse framework dir [/Library/Frameworks/] ==> [/Library/Frameworks]
  collapse framework dir [/System/Library/Frameworks/] ==> [/System/Library/Frameworks]
  implicit libs: []
  implicit dirs: [/opt/local/lib/gcc47/gcc/x86_64-apple-darwin13/4.7.4;/opt/local/lib/gcc47;/usr/lib;/usr/local/lib]
  implicit fwks: [/Library/Frameworks;/System/Library/Frameworks]


Determining if the CXX compiler works passed with the following output:
Change Dir: /Users/stevenw/Code/C++/ProgCpp/cmake_tutorial/step1/build/CMakeFiles/CMakeTmp

Run Build Command:"/opt/local/bin/gmake" "cmTryCompileExec436847381/fast"
/opt/local/bin/gmake -f CMakeFiles/cmTryCompileExec436847381.dir/build.make CMakeFiles/cmTryCompileExec436847381.dir/build
gmake[1]: Entering directory '/Users/stevenw/Code/C++/ProgCpp/cmake_tutorial/step1/build/CMakeFiles/CMakeTmp'
/Applications/CMake.app/Contents/bin/cmake -E cmake_progress_report /Users/stevenw/Code/C++/ProgCpp/cmake_tutorial/step1/build/CMakeFiles/CMakeTmp/CMakeFiles 1
Building CXX object CMakeFiles/cmTryCompileExec436847381.dir/testCXXCompiler.cxx.o
/opt/local/bin/x86_64-apple-darwin13-g++-mp-4.7     -o CMakeFiles/cmTryCompileExec436847381.dir/testCXXCompiler.cxx.o -c /Users/stevenw/Code/C++/ProgCpp/cmake_tutorial/step1/build/CMakeFiles/CMakeTmp/testCXXCompiler.cxx
Linking CXX executable cmTryCompileExec436847381
/Applications/CMake.app/Contents/bin/cmake -E cmake_link_script CMakeFiles/cmTryCompileExec436847381.dir/link.txt --verbose=1
/opt/local/bin/x86_64-apple-darwin13-g++-mp-4.7     -Wl,-search_paths_first -Wl,-headerpad_max_install_names   CMakeFiles/cmTryCompileExec436847381.dir/testCXXCompiler.cxx.o  -o cmTryCompileExec436847381  
gmake[1]: Leaving directory '/Users/stevenw/Code/C++/ProgCpp/cmake_tutorial/step1/build/CMakeFiles/CMakeTmp'


Detecting CXX compiler ABI info compiled with the following output:
Change Dir: /Users/stevenw/Code/C++/ProgCpp/cmake_tutorial/step1/build/CMakeFiles/CMakeTmp

Run Build Command:"/opt/local/bin/gmake" "cmTryCompileExec924867510/fast"
/opt/local/bin/gmake -f CMakeFiles/cmTryCompileExec924867510.dir/build.make CMakeFiles/cmTryCompileExec924867510.dir/build
gmake[1]: Entering directory '/Users/stevenw/Code/C++/ProgCpp/cmake_tutorial/step1/build/CMakeFiles/CMakeTmp'
/Applications/CMake.app/Contents/bin/cmake -E cmake_progress_report /Users/stevenw/Code/C++/ProgCpp/cmake_tutorial/step1/build/CMakeFiles/CMakeTmp/CMakeFiles 1
Building CXX object CMakeFiles/cmTryCompileExec924867510.dir/CMakeCXXCompilerABI.cpp.o
/opt/local/bin/x86_64-apple-darwin13-g++-mp-4.7     -o CMakeFiles/cmTryCompileExec924867510.dir/CMakeCXXCompilerABI.cpp.o -c /Applications/CMake.app/Contents/share/cmake-3.0/Modules/CMakeCXXCompilerABI.cpp
Linking CXX executable cmTryCompileExec924867510
/Applications/CMake.app/Contents/bin/cmake -E cmake_link_script CMakeFiles/cmTryCompileExec924867510.dir/link.txt --verbose=1
/opt/local/bin/x86_64-apple-darwin13-g++-mp-4.7     -Wl,-search_paths_first -Wl,-headerpad_max_install_names -v -Wl,-v CMakeFiles/cmTryCompileExec924867510.dir/CMakeCXXCompilerABI.cpp.o  -o cmTryCompileExec924867510   
Using built-in specs.
COLLECT_GCC=/opt/local/bin/x86_64-apple-darwin13-g++-mp-4.7
COLLECT_LTO_WRAPPER=/opt/local/libexec/gcc/x86_64-apple-darwin13/4.7.4/lto-wrapper
Target: x86_64-apple-darwin13
Configured with: /opt/local/var/macports/build/_opt_mports_dports_lang_gcc47/gcc47/work/gcc-4.7.4/configure --prefix=/opt/local --build=x86_64-apple-darwin13 --enable-languages=c,c++,objc,obj-c++,lto,fortran,java --libdir=/opt/local/lib/gcc47 --includedir=/opt/local/include/gcc47 --infodir=/opt/local/share/info --mandir=/opt/local/share/man --datarootdir=/opt/local/share/gcc-4.7 --with-libiconv-prefix=/opt/local --with-local-prefix=/opt/local --with-system-zlib --disable-nls --program-suffix=-mp-4.7 --with-gxx-include-dir=/opt/local/include/gcc47/c++/ --with-gmp=/opt/local --with-mpfr=/opt/local --with-mpc=/opt/local --with-ppl=/opt/local --with-cloog=/opt/local --enable-cloog-backend=isl --disable-cloog-version-check --enable-stage1-checking --disable-multilib --enable-lto --enable-libstdcxx-time --with-as=/opt/local/bin/as --with-ld=/opt/local/bin/ld --with-ar=/opt/local/bin/ar --with-bugurl=https://trac.macports.org/newticket --disable-ppl-version-check --with-pkgversion='MacPorts gcc47 4.7.4_1'
Thread model: posix
gcc version 4.7.4 (MacPorts gcc47 4.7.4_1) 
COMPILER_PATH=/opt/local/libexec/gcc/x86_64-apple-darwin13/4.7.4/:/opt/local/libexec/gcc/x86_64-apple-darwin13/4.7.4/:/opt/local/libexec/gcc/x86_64-apple-darwin13/:/opt/local/lib/gcc47/gcc/x86_64-apple-darwin13/4.7.4/:/opt/local/lib/gcc47/gcc/x86_64-apple-darwin13/
LIBRARY_PATH=/opt/local/lib/gcc47/gcc/x86_64-apple-darwin13/4.7.4/:/opt/local/lib/gcc47/gcc/x86_64-apple-darwin13/4.7.4/../../../:/usr/lib/
COLLECT_GCC_OPTIONS='-mmacosx-version-min=10.9.3' '-v' '-o' 'cmTryCompileExec924867510' '-shared-libgcc' '-mtune=core2'
 /opt/local/libexec/gcc/x86_64-apple-darwin13/4.7.4/collect2 -dynamic -arch x86_64 -macosx_version_min 10.9.3 -weak_reference_mismatches non-weak -o cmTryCompileExec924867510 -L/opt/local/lib/gcc47/gcc/x86_64-apple-darwin13/4.7.4 -L/opt/local/lib/gcc47/gcc/x86_64-apple-darwin13/4.7.4/../../.. -search_paths_first -headerpad_max_install_names -v CMakeFiles/cmTryCompileExec924867510.dir/CMakeCXXCompilerABI.cpp.o -lstdc++ -no_compact_unwind -lSystem -lgcc_ext.10.5 -lgcc -lSystem -v
collect2 version 4.7.4
/opt/local/bin/ld -dynamic -arch x86_64 -macosx_version_min 10.9.3 -weak_reference_mismatches non-weak -o cmTryCompileExec924867510 -L/opt/local/lib/gcc47/gcc/x86_64-apple-darwin13/4.7.4 -L/opt/local/lib/gcc47/gcc/x86_64-apple-darwin13/4.7.4/../../.. -search_paths_first -headerpad_max_install_names -v CMakeFiles/cmTryCompileExec924867510.dir/CMakeCXXCompilerABI.cpp.o -lstdc++ -no_compact_unwind -lSystem -lgcc_ext.10.5 -lgcc -lSystem -v
@(#)PROGRAM:ld  PROJECT:ld64-236.3
configured to support archs: i386 x86_64 x86_64h armv6 armv7 armv7s armv7m arm64
@(#)PROGRAM:ld  PROJECT:ld64-236.3
configured to support archs: i386 x86_64 x86_64h armv6 armv7 armv7s armv7m arm64
Library search paths:
	/opt/local/lib/gcc47/gcc/x86_64-apple-darwin13/4.7.4
	/opt/local/lib/gcc47
	/usr/lib
	/usr/local/lib
Framework search paths:
	/Library/Frameworks/
	/System/Library/Frameworks/
gmake[1]: Leaving directory '/Users/stevenw/Code/C++/ProgCpp/cmake_tutorial/step1/build/CMakeFiles/CMakeTmp'


Parsed CXX implicit link information from above output:
  link line regex: [^( *|.*[/\])(ld|([^/\]+-)?ld|collect2)[^/\]*( |$)]
  ignore line: [Change Dir: /Users/stevenw/Code/C++/ProgCpp/cmake_tutorial/step1/build/CMakeFiles/CMakeTmp]
  ignore line: []
  ignore line: [Run Build Command:"/opt/local/bin/gmake" "cmTryCompileExec924867510/fast"]
  ignore line: [/opt/local/bin/gmake -f CMakeFiles/cmTryCompileExec924867510.dir/build.make CMakeFiles/cmTryCompileExec924867510.dir/build]
  ignore line: [gmake[1]: Entering directory '/Users/stevenw/Code/C++/ProgCpp/cmake_tutorial/step1/build/CMakeFiles/CMakeTmp']
  ignore line: [/Applications/CMake.app/Contents/bin/cmake -E cmake_progress_report /Users/stevenw/Code/C++/ProgCpp/cmake_tutorial/step1/build/CMakeFiles/CMakeTmp/CMakeFiles 1]
  ignore line: [Building CXX object CMakeFiles/cmTryCompileExec924867510.dir/CMakeCXXCompilerABI.cpp.o]
  ignore line: [/opt/local/bin/x86_64-apple-darwin13-g++-mp-4.7     -o CMakeFiles/cmTryCompileExec924867510.dir/CMakeCXXCompilerABI.cpp.o -c /Applications/CMake.app/Contents/share/cmake-3.0/Modules/CMakeCXXCompilerABI.cpp]
  ignore line: [Linking CXX executable cmTryCompileExec924867510]
  ignore line: [/Applications/CMake.app/Contents/bin/cmake -E cmake_link_script CMakeFiles/cmTryCompileExec924867510.dir/link.txt --verbose=1]
  ignore line: [/opt/local/bin/x86_64-apple-darwin13-g++-mp-4.7     -Wl,-search_paths_first -Wl,-headerpad_max_install_names -v -Wl,-v CMakeFiles/cmTryCompileExec924867510.dir/CMakeCXXCompilerABI.cpp.o  -o cmTryCompileExec924867510   ]
  ignore line: [Using built-in specs.]
  ignore line: [COLLECT_GCC=/opt/local/bin/x86_64-apple-darwin13-g++-mp-4.7]
  ignore line: [COLLECT_LTO_WRAPPER=/opt/local/libexec/gcc/x86_64-apple-darwin13/4.7.4/lto-wrapper]
  ignore line: [Target: x86_64-apple-darwin13]
  ignore line: [Configured with: /opt/local/var/macports/build/_opt_mports_dports_lang_gcc47/gcc47/work/gcc-4.7.4/configure --prefix=/opt/local --build=x86_64-apple-darwin13 --enable-languages=c,c++,objc,obj-c++,lto,fortran,java --libdir=/opt/local/lib/gcc47 --includedir=/opt/local/include/gcc47 --infodir=/opt/local/share/info --mandir=/opt/local/share/man --datarootdir=/opt/local/share/gcc-4.7 --with-libiconv-prefix=/opt/local --with-local-prefix=/opt/local --with-system-zlib --disable-nls --program-suffix=-mp-4.7 --with-gxx-include-dir=/opt/local/include/gcc47/c++/ --with-gmp=/opt/local --with-mpfr=/opt/local --with-mpc=/opt/local --with-ppl=/opt/local --with-cloog=/opt/local --enable-cloog-backend=isl --disable-cloog-version-check --enable-stage1-checking --disable-multilib --enable-lto --enable-libstdcxx-time --with-as=/opt/local/bin/as --with-ld=/opt/local/bin/ld --with-ar=/opt/local/bin/ar --with-bugurl=https://trac.macports.org/newticket --disable-ppl-version-check --with-pkgversion='MacPorts gcc47 4.7.4_1']
  ignore line: [Thread model: posix]
  ignore line: [gcc version 4.7.4 (MacPorts gcc47 4.7.4_1) ]
  ignore line: [COMPILER_PATH=/opt/local/libexec/gcc/x86_64-apple-darwin13/4.7.4/:/opt/local/libexec/gcc/x86_64-apple-darwin13/4.7.4/:/opt/local/libexec/gcc/x86_64-apple-darwin13/:/opt/local/lib/gcc47/gcc/x86_64-apple-darwin13/4.7.4/:/opt/local/lib/gcc47/gcc/x86_64-apple-darwin13/]
  ignore line: [LIBRARY_PATH=/opt/local/lib/gcc47/gcc/x86_64-apple-darwin13/4.7.4/:/opt/local/lib/gcc47/gcc/x86_64-apple-darwin13/4.7.4/../../../:/usr/lib/]
  ignore line: [COLLECT_GCC_OPTIONS='-mmacosx-version-min=10.9.3' '-v' '-o' 'cmTryCompileExec924867510' '-shared-libgcc' '-mtune=core2']
  link line: [ /opt/local/libexec/gcc/x86_64-apple-darwin13/4.7.4/collect2 -dynamic -arch x86_64 -macosx_version_min 10.9.3 -weak_reference_mismatches non-weak -o cmTryCompileExec924867510 -L/opt/local/lib/gcc47/gcc/x86_64-apple-darwin13/4.7.4 -L/opt/local/lib/gcc47/gcc/x86_64-apple-darwin13/4.7.4/../../.. -search_paths_first -headerpad_max_install_names -v CMakeFiles/cmTryCompileExec924867510.dir/CMakeCXXCompilerABI.cpp.o -lstdc++ -no_compact_unwind -lSystem -lgcc_ext.10.5 -lgcc -lSystem -v]
    arg [/opt/local/libexec/gcc/x86_64-apple-darwin13/4.7.4/collect2] ==> ignore
    arg [-dynamic] ==> ignore
    arg [-arch] ==> ignore
    arg [x86_64] ==> ignore
    arg [-macosx_version_min] ==> ignore
    arg [10.9.3] ==> ignore
    arg [-weak_reference_mismatches] ==> ignore
    arg [non-weak] ==> ignore
    arg [-o] ==> ignore
    arg [cmTryCompileExec924867510] ==> ignore
    arg [-L/opt/local/lib/gcc47/gcc/x86_64-apple-darwin13/4.7.4] ==> dir [/opt/local/lib/gcc47/gcc/x86_64-apple-darwin13/4.7.4]
    arg [-L/opt/local/lib/gcc47/gcc/x86_64-apple-darwin13/4.7.4/../../..] ==> dir [/opt/local/lib/gcc47/gcc/x86_64-apple-darwin13/4.7.4/../../..]
    arg [-search_paths_first] ==> ignore
    arg [-headerpad_max_install_names] ==> ignore
    arg [-v] ==> ignore
    arg [CMakeFiles/cmTryCompileExec924867510.dir/CMakeCXXCompilerABI.cpp.o] ==> ignore
    arg [-lstdc++] ==> lib [stdc++]
    arg [-no_compact_unwind] ==> ignore
    arg [-lSystem] ==> lib [System]
    arg [-lgcc_ext.10.5] ==> lib [gcc_ext.10.5]
    arg [-lgcc] ==> lib [gcc]
    arg [-lSystem] ==> lib [System]
    arg [-v] ==> ignore
  Library search paths: [;/opt/local/lib/gcc47/gcc/x86_64-apple-darwin13/4.7.4;/opt/local/lib/gcc47;/usr/lib;/usr/local/lib]
  Framework search paths: [;/Library/Frameworks/;/System/Library/Frameworks/]
  remove lib [System]
  remove lib [gcc_ext.10.5]
  remove lib [gcc]
  remove lib [System]
  collapse library dir [/opt/local/lib/gcc47/gcc/x86_64-apple-darwin13/4.7.4] ==> [/opt/local/lib/gcc47/gcc/x86_64-apple-darwin13/4.7.4]
  collapse library dir [/opt/local/lib/gcc47/gcc/x86_64-apple-darwin13/4.7.4/../../..] ==> [/opt/local/lib/gcc47]
  collapse library dir [/opt/local/lib/gcc47/gcc/x86_64-apple-darwin13/4.7.4] ==> [/opt/local/lib/gcc47/gcc/x86_64-apple-darwin13/4.7.4]
  collapse library dir [/opt/local/lib/gcc47] ==> [/opt/local/lib/gcc47]
  collapse library dir [/usr/lib] ==> [/usr/lib]
  collapse library dir [/usr/local/lib] ==> [/usr/local/lib]
  collapse framework dir [/Library/Frameworks/] ==> [/Library/Frameworks]
  collapse framework dir [/System/Library/Frameworks/] ==> [/System/Library/Frameworks]
  implicit libs: [stdc++]
  implicit dirs: [/opt/local/lib/gcc47/gcc/x86_64-apple-darwin13/4.7.4;/opt/local/lib/gcc47;/usr/lib;/usr/local/lib]
  implicit fwks: [/Library/Frameworks;/System/Library/Frameworks]


